<?xml version="1.0" encoding="UTF-8"?>
<!-- Generated by org.testng.reporters.JUnitReportReporter -->
<testsuite skipped="0" hostname="ME" name="camper.SendQuote" tests="3" failures="0" timestamp="2020-03-04T23:08:23 IST" time="0.085" errors="0">
  <testcase name="phoneNumber" time="0.000" classname="camper.SendQuote"/>
  <testcase name="email" time="0.085" classname="camper.SendQuote"/>
  <testcase name="userName" time="0.000" classname="camper.SendQuote"/>
</testsuite> <!-- camper.SendQuote -->
