<?xml version="1.0" encoding="UTF-8"?>
<!-- Generated by org.testng.reporters.JUnitReportReporter -->
<testsuite skipped="0" hostname="ME" name="truck.EnterVehicleData" tests="3" failures="0" timestamp="2020-03-04T23:09:52 IST" time="0.063" errors="0">
  <testcase name="engineperf" time="0.000" classname="truck.EnterVehicleData"/>
  <testcase name="DOM" time="0.063" classname="truck.EnterVehicleData"/>
  <testcase name="make" time="0.000" classname="truck.EnterVehicleData"/>
</testsuite> <!-- truck.EnterVehicleData -->
