<?xml version="1.0" encoding="UTF-8"?>
<!-- Generated by org.testng.reporters.JUnitReportReporter -->
<testsuite skipped="0" hostname="ME" name="motorcycle.EnterProductData" tests="3" failures="0" timestamp="2020-03-04T23:08:53 IST" time="0.052" errors="0">
  <testcase name="insuranceSum" time="0.000" classname="motorcycle.EnterProductData"/>
  <testcase name="damageInsurance" time="0.042" classname="motorcycle.EnterProductData"/>
  <testcase name="startDate" time="0.010" classname="motorcycle.EnterProductData"/>
</testsuite> <!-- motorcycle.EnterProductData -->
