<?xml version="1.0" encoding="UTF-8"?>
<!-- Generated by org.testng.reporters.JUnitReportReporter -->
<testsuite skipped="0" hostname="ME" name="camper.EnterVehicleData" tests="3" failures="0" timestamp="2020-03-04T23:07:54 IST" time="0.094" errors="0">
  <testcase name="engineperf" time="0.016" classname="camper.EnterVehicleData"/>
  <testcase name="dom" time="0.062" classname="camper.EnterVehicleData"/>
  <testcase name="make" time="0.016" classname="camper.EnterVehicleData"/>
</testsuite> <!-- camper.EnterVehicleData -->
