<?xml version="1.0" encoding="UTF-8"?>
<!-- Generated by org.testng.reporters.JUnitReportReporter -->
<testsuite skipped="0" hostname="ME" name="camper.EnterInsurantData" tests="3" failures="0" timestamp="2020-03-04T23:07:30 IST" time="0.095" errors="0">
  <testcase name="firstname" time="0.017" classname="camper.EnterInsurantData"/>
  <testcase name="dob" time="0.062" classname="camper.EnterInsurantData"/>
  <testcase name="lastname" time="0.016" classname="camper.EnterInsurantData"/>
</testsuite> <!-- camper.EnterInsurantData -->
