<?xml version="1.0" encoding="UTF-8"?>
<!-- Generated by org.testng.reporters.JUnitReportReporter -->
<testsuite skipped="0" hostname="ME" name="motorcycle.SendQuote" tests="3" failures="0" timestamp="2020-03-04T23:09:21 IST" time="0.053" errors="0">
  <testcase name="phoneNumber" time="0.015" classname="motorcycle.SendQuote"/>
  <testcase name="email" time="0.038" classname="motorcycle.SendQuote"/>
  <testcase name="userName" time="0.000" classname="motorcycle.SendQuote"/>
</testsuite> <!-- motorcycle.SendQuote -->
