<?xml version="1.0" encoding="UTF-8"?>
<!-- Generated by org.testng.reporters.JUnitReportReporter -->
<testsuite skipped="0" hostname="ME" name="motorcycle.SelectPriceoption" tests="3" failures="0" timestamp="2020-03-04T23:09:13 IST" time="0.053" errors="0">
  <testcase name="selectPriceOption" time="0.010" classname="motorcycle.SelectPriceoption"/>
  <testcase name="downloadQuote" time="0.032" classname="motorcycle.SelectPriceoption"/>
  <testcase name="viewQuote" time="0.011" classname="motorcycle.SelectPriceoption"/>
</testsuite> <!-- motorcycle.SelectPriceoption -->
