<?xml version="1.0" encoding="UTF-8"?>
<!-- Generated by org.testng.reporters.JUnitReportReporter -->
<testsuite skipped="0" hostname="ME" name="truck.EnterProductData" tests="3" failures="0" timestamp="2020-03-04T23:09:45 IST" time="0.093" errors="0">
  <testcase name="insuranceSum" time="0.002" classname="truck.EnterProductData"/>
  <testcase name="damageInsurance" time="0.081" classname="truck.EnterProductData"/>
  <testcase name="startDate" time="0.010" classname="truck.EnterProductData"/>
</testsuite> <!-- truck.EnterProductData -->
