<?xml version="1.0" encoding="UTF-8"?>
<!-- Generated by org.testng.reporters.JUnitReportReporter -->
<testsuite skipped="0" hostname="ME" name="truck.SelectPriceoption" tests="3" failures="0" timestamp="2020-03-04T23:09:59 IST" time="0.062" errors="0">
  <testcase name="selectPriceOption" time="0.000" classname="truck.SelectPriceoption"/>
  <testcase name="downloadQuote" time="0.046" classname="truck.SelectPriceoption"/>
  <testcase name="viewQuote" time="0.016" classname="truck.SelectPriceoption"/>
</testsuite> <!-- truck.SelectPriceoption -->
