<?xml version="1.0" encoding="UTF-8"?>
<!-- Generated by org.testng.reporters.JUnitReportReporter -->
<testsuite skipped="0" hostname="ME" name="truck.SendQuote" tests="3" failures="0" timestamp="2020-03-04T23:10:06 IST" time="0.078" errors="0">
  <testcase name="phoneNumber" time="0.016" classname="truck.SendQuote"/>
  <testcase name="email" time="0.046" classname="truck.SendQuote"/>
  <testcase name="userName" time="0.016" classname="truck.SendQuote"/>
</testsuite> <!-- truck.SendQuote -->
