<?xml version="1.0" encoding="UTF-8"?>
<!-- Generated by org.testng.reporters.JUnitReportReporter -->
<testsuite skipped="0" hostname="ME" name="truck.EnterInsurantData" tests="3" failures="0" timestamp="2020-03-04T23:09:35 IST" time="0.044" errors="0">
  <testcase name="firstname" time="0.000" classname="truck.EnterInsurantData"/>
  <testcase name="dob" time="0.044" classname="truck.EnterInsurantData"/>
  <testcase name="lastname" time="0.000" classname="truck.EnterInsurantData"/>
</testsuite> <!-- truck.EnterInsurantData -->
