<?xml version="1.0" encoding="UTF-8"?>
<!-- Generated by org.testng.reporters.JUnitReportReporter -->
<testsuite skipped="0" hostname="ME" name="motorcycle.EnterInsurantData" tests="3" failures="0" timestamp="2020-03-04T23:08:37 IST" time="0.092" errors="0">
  <testcase name="firstname" time="0.011" classname="motorcycle.EnterInsurantData"/>
  <testcase name="dob" time="0.071" classname="motorcycle.EnterInsurantData"/>
  <testcase name="lastname" time="0.010" classname="motorcycle.EnterInsurantData"/>
</testsuite> <!-- motorcycle.EnterInsurantData -->
