<?xml version="1.0" encoding="UTF-8"?>
<!-- Generated by org.testng.reporters.JUnitReportReporter -->
<testsuite skipped="0" hostname="ME" name="automobile.SelectPriceoption" tests="3" failures="0" timestamp="2020-03-04T23:05:29 IST" time="0.047" errors="0">
  <testcase name="selectPriceOption" time="0.000" classname="automobile.SelectPriceoption"/>
  <testcase name="downloadQuote" time="0.047" classname="automobile.SelectPriceoption"/>
  <testcase name="viewQuote" time="0.000" classname="automobile.SelectPriceoption"/>
</testsuite> <!-- automobile.SelectPriceoption -->
