<?xml version="1.0" encoding="UTF-8"?>
<!-- Generated by org.testng.reporters.JUnitReportReporter -->
<testsuite skipped="0" hostname="ME" name="automobile.EnterProductData" tests="3" failures="0" timestamp="2020-03-04T23:04:02 IST" time="0.101" errors="0">
  <testcase name="insuranceSum" time="0.016" classname="automobile.EnterProductData"/>
  <testcase name="damageInsurance" time="0.085" classname="automobile.EnterProductData"/>
  <testcase name="startDate" time="0.000" classname="automobile.EnterProductData"/>
</testsuite> <!-- automobile.EnterProductData -->
