<?xml version="1.0" encoding="UTF-8"?>
<!-- Generated by org.testng.reporters.JUnitReportReporter -->
<testsuite skipped="0" hostname="ME" name="motorcycle.EnterVehicleData" tests="3" failures="0" timestamp="2020-03-04T23:09:05 IST" time="0.043" errors="0">
  <testcase name="engineperf" time="0.000" classname="motorcycle.EnterVehicleData"/>
  <testcase name="DOM" time="0.031" classname="motorcycle.EnterVehicleData"/>
  <testcase name="make" time="0.012" classname="motorcycle.EnterVehicleData"/>
</testsuite> <!-- motorcycle.EnterVehicleData -->
