<?xml version="1.0" encoding="UTF-8"?>
<!-- Generated by org.testng.reporters.JUnitReportReporter -->
<testsuite skipped="0" hostname="ME" name="camper.EnterProductData" tests="3" failures="0" timestamp="2020-03-04T23:07:43 IST" time="0.078" errors="0">
  <testcase name="insuranceSum" time="0.016" classname="camper.EnterProductData"/>
  <testcase name="damageInsurance" time="0.062" classname="camper.EnterProductData"/>
  <testcase name="startDate" time="0.000" classname="camper.EnterProductData"/>
</testsuite> <!-- camper.EnterProductData -->
