<?xml version="1.0" encoding="UTF-8"?>
<!-- Generated by org.testng.reporters.JUnitReportReporter -->
<testsuite skipped="0" hostname="ME" name="automobile.EnterVehicleData" tests="3" failures="0" timestamp="2020-03-04T23:05:11 IST" time="0.078" errors="0">
  <testcase name="engineperf" time="0.016" classname="automobile.EnterVehicleData"/>
  <testcase name="dom" time="0.062" classname="automobile.EnterVehicleData"/>
  <testcase name="make" time="0.000" classname="automobile.EnterVehicleData"/>
</testsuite> <!-- automobile.EnterVehicleData -->
