<?xml version="1.0" encoding="UTF-8"?>
<!-- Generated by org.testng.reporters.JUnitReportReporter -->
<testsuite skipped="0" hostname="ME" name="automobile.SendQuote" tests="3" failures="0" timestamp="2020-03-04T23:06:30 IST" time="0.070" errors="0">
  <testcase name="phoneNumber" time="0.010" classname="automobile.SendQuote"/>
  <testcase name="email" time="0.060" classname="automobile.SendQuote"/>
  <testcase name="userName" time="0.000" classname="automobile.SendQuote"/>
</testsuite> <!-- automobile.SendQuote -->
