<?xml version="1.0" encoding="UTF-8"?>
<!-- Generated by org.testng.reporters.JUnitReportReporter -->
<testsuite skipped="0" hostname="ME" name="basicTestAnnotations.LearnParameters" tests="1" failures="0" timestamp="2020-03-10T09:18:05 IST" time="0.049" errors="0">
  <testcase name="test1" time="0.049" classname="basicTestAnnotations.LearnParameters"/>
</testsuite> <!-- basicTestAnnotations.LearnParameters -->
