<?xml version="1.0" encoding="UTF-8"?>
<!-- Generated by org.testng.reporters.JUnitReportReporter -->
<testsuite skipped="0" hostname="ME" name="basicTestAnnotations.FirstTestNGClass" tests="6" failures="0" timestamp="2020-03-03T10:16:14 IST" time="0.062" errors="0">
  <testcase name="test3" time="0.016" classname="basicTestAnnotations.FirstTestNGClass"/>
  <testcase name="test3" time="0.015" classname="basicTestAnnotations.FirstTestNGClass"/>
  <testcase name="test1" time="0.000" classname="basicTestAnnotations.FirstTestNGClass"/>
  <testcase name="test1" time="0.016" classname="basicTestAnnotations.FirstTestNGClass"/>
  <testcase name="test2" time="0.015" classname="basicTestAnnotations.FirstTestNGClass"/>
  <testcase name="test2" time="0.000" classname="basicTestAnnotations.FirstTestNGClass"/>
</testsuite> <!-- basicTestAnnotations.FirstTestNGClass -->
