<?xml version="1.0" encoding="UTF-8"?>
<!-- Generated by org.testng.reporters.JUnitReportReporter -->
<testsuite skipped="0" hostname="ME" name="basicTestAnnotations.LearnDataProvider" tests="6" failures="0" timestamp="2020-03-10T09:58:12 IST" time="0.039" errors="0">
  <testcase name="test1" time="0.000" classname="basicTestAnnotations.LearnDataProvider"/>
  <testcase name="test2" time="0.005" classname="basicTestAnnotations.LearnDataProvider"/>
  <testcase name="test2" time="0.012" classname="basicTestAnnotations.LearnDataProvider"/>
  <testcase name="test1" time="0.008" classname="basicTestAnnotations.LearnDataProvider"/>
  <testcase name="test1" time="0.009" classname="basicTestAnnotations.LearnDataProvider"/>
  <testcase name="test1" time="0.005" classname="basicTestAnnotations.LearnDataProvider"/>
</testsuite> <!-- basicTestAnnotations.LearnDataProvider -->
