<?xml version="1.0" encoding="UTF-8"?>
<!-- Generated by org.testng.reporters.JUnitReportReporter -->
<testsuite skipped="0" hostname="ME" name="apiTestcases.Post" tests="1" failures="0" timestamp="2020-03-11T10:35:39 IST" time="7.394" errors="0">
  <testcase name="test1" time="7.394" classname="apiTestcases.Post"/>
</testsuite> <!-- apiTestcases.Post -->
