<?xml version="1.0" encoding="UTF-8"?>
<!-- Generated by org.testng.reporters.JUnitReportReporter -->
<testsuite skipped="0" hostname="ME" name="apiTestcases.TestCase1" tests="1" failures="0" timestamp="2020-03-11T10:24:04 IST" time="9.242" errors="0">
  <testcase name="test1" time="9.242" classname="apiTestcases.TestCase1"/>
</testsuite> <!-- apiTestcases.TestCase1 -->
