<?xml version="1.0" encoding="UTF-8"?>
<!-- Generated by org.testng.reporters.JUnitReportReporter -->
<testsuite skipped="0" hostname="ME" name="samplePackage.TestScript1" tests="3" failures="0" timestamp="04 Mar 2020 04:26:03 GMT" time="0.047" errors="0">
  <testcase name="test3" time="0.000" classname="samplePackage.TestScript1"/>
  <testcase name="test2" time="0.016" classname="samplePackage.TestScript1"/>
  <testcase name="test1" time="0.031" classname="samplePackage.TestScript1"/>
</testsuite> <!-- samplePackage.TestScript1 -->
