<?xml version="1.0" encoding="UTF-8"?>
<!-- Generated by org.testng.reporters.JUnitReportReporter -->
<testsuite skipped="0" hostname="ME" name="automobile.EnterProductData" tests="3" failures="0" timestamp="05 Mar 2020 04:02:01 GMT" time="0.016" errors="0">
  <testcase name="damageInsurance" time="0.004" classname="automobile.EnterProductData"/>
  <testcase name="insuranceSum" time="0.004" classname="automobile.EnterProductData"/>
  <testcase name="startDate" time="0.008" classname="automobile.EnterProductData"/>
</testsuite> <!-- automobile.EnterProductData -->
