<?xml version="1.0" encoding="UTF-8"?>
<!-- Generated by org.testng.reporters.JUnitReportReporter -->
<testsuite skipped="0" hostname="ME" name="automobile.EnterInsurantData" tests="3" failures="0" timestamp="05 Mar 2020 04:02:01 GMT" time="25.774" errors="0">
  <testcase name="firstname" time="25.762" classname="automobile.EnterInsurantData"/>
  <testcase name="dob" time="0.008" classname="automobile.EnterInsurantData"/>
  <testcase name="lastname" time="0.004" classname="automobile.EnterInsurantData"/>
</testsuite> <!-- automobile.EnterInsurantData -->
