<?xml version="1.0" encoding="UTF-8"?>
<!-- Generated by org.testng.reporters.JUnitReportReporter -->
<testsuite skipped="0" hostname="ME" name="automobile.EnterVehicleData" tests="3" failures="0" timestamp="05 Mar 2020 04:02:01 GMT" time="9.779" errors="0">
  <testcase name="dom" time="3.337" classname="automobile.EnterVehicleData"/>
  <testcase name="make" time="2.687" classname="automobile.EnterVehicleData"/>
  <testcase name="engineperf" time="3.755" classname="automobile.EnterVehicleData"/>
</testsuite> <!-- automobile.EnterVehicleData -->
