<?xml version="1.0" encoding="UTF-8"?>
<!-- Generated by org.testng.reporters.JUnitReportReporter -->
<testsuite skipped="0" hostname="ME" name="com.tricentis.automation.scripts.fieldVerification.Automobile_EnterVehicleDataPageTypes" tests="1" failures="0" timestamp="10 Mar 2020 17:23:36 GMT" time="3.179" errors="0">
  <testcase name="verifyAutomationlink" time="3.179" classname="com.tricentis.automation.scripts.fieldVerification.Automobile_EnterVehicleDataPageTypes"/>
</testsuite> <!-- com.tricentis.automation.scripts.fieldVerification.Automobile_EnterVehicleDataPageTypes -->
